<?xml version="1.0" encoding="UTF-8"?>
<!-- Generated by org.testng.reporters.JUnitXMLReporter -->
<testsuite hostname="pragnya" name="tests1" tests="1" failures="1" timestamp="24 Sep 2014 10:14:40 GMT" time="19.442" errors="0">
  <testcase name="f" time="16.816" classname="test.giftcards">
    <failure type="java.lang.AssertionError" message="Test failed because XPATH might have changed. No other key words found to use">
      <![CDATA[java.lang.AssertionError: Test failed because XPATH might have changed. No other key words found to use
	at test.giftcards.f(giftcards.java:32)
... Removed 24 stack frames]]>
    </failure>
  </testcase> <!-- f -->
</testsuite> <!-- tests1 -->
